GET /articles at time 19:01:38 GMT+0530 (India Standard Time)
GET /articles at time 19:01:40 GMT+0530 (India Standard Time)
GET /articles at time 19:01:46 GMT+0530 (India Standard Time)
GET / at time 19:03:58 GMT+0530 (India Standard Time)
GET /favicon.ico at time 19:03:59 GMT+0530 (India Standard Time)
GET /articles at time 19:04:10 GMT+0530 (India Standard Time)
GET /articles at time 19:04:27 GMT+0530 (India Standard Time)
GET /article at time 19:05:23 GMT+0530 (India Standard Time)
GET /article at time 19:10:23 GMT+0530 (India Standard Time)
GET /article at time 19:10:25 GMT+0530 (India Standard Time)
GET /article at time 19:12:36 GMT+0530 (India Standard Time)
GET /page/article at time 19:12:48 GMT+0530 (India Standard Time)
GET /page/article at time 19:13:46 GMT+0530 (India Standard Time)
GET /page/article at time 19:13:47 GMT+0530 (India Standard Time)
GET /article at time 19:13:52 GMT+0530 (India Standard Time)
GET /article at time 19:15:05 GMT+0530 (India Standard Time)
GET /article at time 19:15:16 GMT+0530 (India Standard Time)
GET /article at time 19:17:19 GMT+0530 (India Standard Time)
GET /article at time 19:19:02 GMT+0530 (India Standard Time)
GET /article at time 19:22:18 GMT+0530 (India Standard Time)
GET /article at time 19:25:30 GMT+0530 (India Standard Time)
GET /article at time 19:25:33 GMT+0530 (India Standard Time)
GET /articles at time 19:25:39 GMT+0530 (India Standard Time)
GET /article at time 19:25:47 GMT+0530 (India Standard Time)
GET /article at time 19:33:19 GMT+0530 (India Standard Time)
GET /article at time 21:22:01 GMT+0530 (India Standard Time)
GET /favicon.ico at time 21:22:04 GMT+0530 (India Standard Time)
GET /article at time 21:22:10 GMT+0530 (India Standard Time)
GET /article at time 21:23:16 GMT+0530 (India Standard Time)
GET /articles at time 21:23:22 GMT+0530 (India Standard Time)
GET /article at time 21:23:26 GMT+0530 (India Standard Time)
GET /article at time 21:24:18 GMT+0530 (India Standard Time)
GET /article at time 21:25:17 GMT+0530 (India Standard Time)
GET /article at time 21:31:16 GMT+0530 (India Standard Time)
GET /page/article at time 21:31:31 GMT+0530 (India Standard Time)
GET /article at time 21:31:44 GMT+0530 (India Standard Time)
GET /article at time 21:36:07 GMT+0530 (India Standard Time)
GET /article at time 21:38:00 GMT+0530 (India Standard Time)
GET /article?include=comments at time 21:41:07 GMT+0530 (India Standard Time)
GET /article?include=comments at time 21:41:14 GMT+0530 (India Standard Time)
GET /article?include=comments at time 21:42:31 GMT+0530 (India Standard Time)
GET /article?/include=comment at time 21:45:38 GMT+0530 (India Standard Time)
GET /article?include=comment at time 21:45:47 GMT+0530 (India Standard Time)
GET /article?include=comment at time 21:46:53 GMT+0530 (India Standard Time)
GET /article?include=comment at time 21:46:54 GMT+0530 (India Standard Time)
GET /article?include=comments at time 21:48:09 GMT+0530 (India Standard Time)
GET /article?include=comments at time 21:50:49 GMT+0530 (India Standard Time)
GET /article?include=comments at time 21:51:39 GMT+0530 (India Standard Time)
GET /article?include=comments at time 21:52:08 GMT+0530 (India Standard Time)
GET /article?include=comments at time 21:53:16 GMT+0530 (India Standard Time)
GET /article?include=comment at time 21:53:27 GMT+0530 (India Standard Time)
GET /article?include=comments at time 21:54:35 GMT+0530 (India Standard Time)
GET /article?include=comments at time 21:57:36 GMT+0530 (India Standard Time)
GET /article?include=comments at time 22:06:05 GMT+0530 (India Standard Time)
GET /article?include=comments at time 22:07:29 GMT+0530 (India Standard Time)
GET /article?include=comment at time 22:08:39 GMT+0530 (India Standard Time)
GET /article?include=comment at time 22:09:10 GMT+0530 (India Standard Time)
GET /article?include=comment at time 22:09:11 GMT+0530 (India Standard Time)
GET /article?include=comments at time 22:13:01 GMT+0530 (India Standard Time)
GET /article?include=comments at time 22:15:01 GMT+0530 (India Standard Time)
GET /article?include=comments at time 22:15:22 GMT+0530 (India Standard Time)
GET /article?include=comments at time 22:16:26 GMT+0530 (India Standard Time)
GET /article?include=comment at time 22:16:30 GMT+0530 (India Standard Time)
GET /article?include=comment at time 22:19:23 GMT+0530 (India Standard Time)
GET /article?include=comment at time 22:19:25 GMT+0530 (India Standard Time)
GET /article?include=comments at time 22:20:43 GMT+0530 (India Standard Time)
GET /article?include=comments at time 22:21:12 GMT+0530 (India Standard Time)
GET /article?include=comments at time 22:21:57 GMT+0530 (India Standard Time)
GET /article?include=comments at time 22:22:25 GMT+0530 (India Standard Time)
GET /article?include=comments at time 22:23:13 GMT+0530 (India Standard Time)
GET /article?include=comments at time 22:23:31 GMT+0530 (India Standard Time)
PUT /article?include=comments at time 22:23:51 GMT+0530 (India Standard Time)
GET /article?include=comments at time 22:23:55 GMT+0530 (India Standard Time)
GET /article?include=comments at time 22:25:02 GMT+0530 (India Standard Time)
GET /article?include=comment at time 22:25:04 GMT+0530 (India Standard Time)
GET /article?include=comment at time 22:26:06 GMT+0530 (India Standard Time)
GET /article?include=comment at time 22:26:49 GMT+0530 (India Standard Time)
GET /article?include=comment at time 22:27:33 GMT+0530 (India Standard Time)
GET /article?include=comment at time 22:28:13 GMT+0530 (India Standard Time)
GET /article?include=comment at time 22:29:43 GMT+0530 (India Standard Time)
GET /article?include=comment at time 22:30:27 GMT+0530 (India Standard Time)
PUT /article/61e95ddab77b59f398daa18e at time 22:32:50 GMT+0530 (India Standard Time)
POST /article/61e95ddab77b59f398daa18e at time 22:33:21 GMT+0530 (India Standard Time)
PUT /article/61e95ddab77b59f398daa18e at time 22:33:26 GMT+0530 (India Standard Time)
GET /article/1 at time 22:35:48 GMT+0530 (India Standard Time)
GET /article/1 at time 22:36:41 GMT+0530 (India Standard Time)
GET /article/1 at time 22:39:48 GMT+0530 (India Standard Time)
GET /article/1 at time 22:42:05 GMT+0530 (India Standard Time)
GET /article/1 at time 22:43:22 GMT+0530 (India Standard Time)
GET /article/1 at time 22:54:20 GMT+0530 (India Standard Time)
GET /article/1 at time 22:54:45 GMT+0530 (India Standard Time)
GET /article?include=comment at time 22:55:20 GMT+0530 (India Standard Time)
GET /article/1 at time 22:55:33 GMT+0530 (India Standard Time)
GET /article/1 at time 22:57:21 GMT+0530 (India Standard Time)
GET /article/1 at time 22:59:52 GMT+0530 (India Standard Time)
GET /article/ at time 22:59:56 GMT+0530 (India Standard Time)
GET /article at time 22:59:59 GMT+0530 (India Standard Time)
GET /article at time 23:00:05 GMT+0530 (India Standard Time)
GET /article at time 23:00:13 GMT+0530 (India Standard Time)
GET /articles at time 23:00:16 GMT+0530 (India Standard Time)
GET /article at time 23:00:20 GMT+0530 (India Standard Time)
GET /article/1 at time 23:00:24 GMT+0530 (India Standard Time)
GET /article at time 23:00:27 GMT+0530 (India Standard Time)
GET /article at time 23:00:46 GMT+0530 (India Standard Time)
GET /article at time 23:01:37 GMT+0530 (India Standard Time)
GET /article at time 23:01:44 GMT+0530 (India Standard Time)
GET /article at time 23:02:42 GMT+0530 (India Standard Time)
GET /articles at time 23:02:45 GMT+0530 (India Standard Time)
GET /article at time 23:02:48 GMT+0530 (India Standard Time)
GET /article at time 23:03:07 GMT+0530 (India Standard Time)
GET /article/1 at time 23:03:15 GMT+0530 (India Standard Time)
GET /article/ at time 23:03:20 GMT+0530 (India Standard Time)
GET /article/ at time 23:11:18 GMT+0530 (India Standard Time)
GET /article/1 at time 23:11:22 GMT+0530 (India Standard Time)
GET /article/1 at time 23:12:24 GMT+0530 (India Standard Time)
GET /article/1 at time 23:12:47 GMT+0530 (India Standard Time)
GET /article/1 at time 23:13:19 GMT+0530 (India Standard Time)
GET /article/1 at time 23:14:10 GMT+0530 (India Standard Time)
GET /article at time 23:14:15 GMT+0530 (India Standard Time)
GET /article?include=commments at time 23:14:47 GMT+0530 (India Standard Time)
GET /article?include=comments at time 23:14:53 GMT+0530 (India Standard Time)
GET /article?include=comments at time 23:15:25 GMT+0530 (India Standard Time)
GET /article at time 23:15:32 GMT+0530 (India Standard Time)
GET /article at time 23:22:52 GMT+0530 (India Standard Time)
GET /article?include=comment at time 23:23:00 GMT+0530 (India Standard Time)
GET /article at time 23:28:25 GMT+0530 (India Standard Time)
GET /article/61e99ef4106bff27c82a48a3 at time 23:28:34 GMT+0530 (India Standard Time)
GET /article/61e99ef4106bff27c82a48a3 at time 23:29:14 GMT+0530 (India Standard Time)
GET /article/61e99ef4106bff27c82a48a3 at time 23:30:17 GMT+0530 (India Standard Time)
GET /article/61e99ef4106bff27c82a48a3 at time 23:33:29 GMT+0530 (India Standard Time)
GET /article/1 at time 23:33:35 GMT+0530 (India Standard Time)
GET /article/1 at time 23:36:26 GMT+0530 (India Standard Time)
GET /article/1 at time 23:37:10 GMT+0530 (India Standard Time)
GET /article/1 at time 23:38:21 GMT+0530 (India Standard Time)
GET /article/1 at time 23:38:52 GMT+0530 (India Standard Time)
GET /article/1 at time 23:38:53 GMT+0530 (India Standard Time)
GET /article/1 at time 23:39:59 GMT+0530 (India Standard Time)
GET /article/1 at time 23:40:53 GMT+0530 (India Standard Time)
GET /article?include=comment at time 23:41:41 GMT+0530 (India Standard Time)
GET /article/1 at time 23:41:47 GMT+0530 (India Standard Time)
GET /article/1 at time 23:42:29 GMT+0530 (India Standard Time)
GET /article/1 at time 23:43:07 GMT+0530 (India Standard Time)
GET /article/1 at time 23:44:26 GMT+0530 (India Standard Time)
GET /article/1 at time 23:44:59 GMT+0530 (India Standard Time)
GET /article/1 at time 23:45:36 GMT+0530 (India Standard Time)
GET /article/1 at time 23:47:01 GMT+0530 (India Standard Time)
GET /article/1 at time 23:49:08 GMT+0530 (India Standard Time)
GET /article/1 at time 23:54:14 GMT+0530 (India Standard Time)
GET /article/1 at time 23:54:56 GMT+0530 (India Standard Time)
GET /article/1 at time 23:56:21 GMT+0530 (India Standard Time)
GET /article/1 at time 23:58:07 GMT+0530 (India Standard Time)
GET /article/1 at time 00:00:05 GMT+0530 (India Standard Time)
GET /article/1 at time 00:00:25 GMT+0530 (India Standard Time)
GET /article/1 at time 00:03:41 GMT+0530 (India Standard Time)
GET /article/1 at time 00:06:47 GMT+0530 (India Standard Time)
GET /article/1 at time 00:07:36 GMT+0530 (India Standard Time)
GET /article/1 at time 00:13:54 GMT+0530 (India Standard Time)
GET /article/1 at time 00:13:57 GMT+0530 (India Standard Time)
GET /article/1 at time 00:18:18 GMT+0530 (India Standard Time)
GET /article/1 at time 00:18:52 GMT+0530 (India Standard Time)
GET /article/1 at time 00:19:21 GMT+0530 (India Standard Time)
GET /article/1 at time 00:20:57 GMT+0530 (India Standard Time)
GET /article//1 at time 00:21:04 GMT+0530 (India Standard Time)
GET /article//1 at time 00:21:07 GMT+0530 (India Standard Time)
GET /article/1 at time 00:22:08 GMT+0530 (India Standard Time)
GET /article/1 at time 00:23:17 GMT+0530 (India Standard Time)
GET /article/1 at time 00:24:57 GMT+0530 (India Standard Time)
GET /article at time 00:25:14 GMT+0530 (India Standard Time)
GET /article at time 00:27:14 GMT+0530 (India Standard Time)
GET /article/1 at time 00:27:17 GMT+0530 (India Standard Time)
GET /article/1 at time 00:30:56 GMT+0530 (India Standard Time)
GET /article/1 at time 00:32:17 GMT+0530 (India Standard Time)
GET /article/1 at time 00:33:04 GMT+0530 (India Standard Time)
GET /article/1 at time 00:34:16 GMT+0530 (India Standard Time)
GET /article/1 at time 00:34:17 GMT+0530 (India Standard Time)
GET /article/1 at time 00:34:53 GMT+0530 (India Standard Time)
GET /article/1 at time 00:35:23 GMT+0530 (India Standard Time)
GET /article/1 at time 00:35:48 GMT+0530 (India Standard Time)
GET /article/1 at time 00:36:40 GMT+0530 (India Standard Time)
GET /article/1 at time 00:41:08 GMT+0530 (India Standard Time)
GET /article/1 at time 00:41:22 GMT+0530 (India Standard Time)
GET /article/1 at time 00:41:23 GMT+0530 (India Standard Time)
GET /article/1 at time 00:42:33 GMT+0530 (India Standard Time)
GET /article/1 at time 00:42:52 GMT+0530 (India Standard Time)
GET /article/1 at time 00:43:32 GMT+0530 (India Standard Time)
GET /article/1 at time 00:43:33 GMT+0530 (India Standard Time)
GET /article/1 at time 00:44:14 GMT+0530 (India Standard Time)
GET /article/1 at time 00:44:15 GMT+0530 (India Standard Time)
GET /article/1 at time 00:45:00 GMT+0530 (India Standard Time)
GET /article at time 00:45:32 GMT+0530 (India Standard Time)
GET /article at time 00:45:42 GMT+0530 (India Standard Time)
GET /article at time 00:57:52 GMT+0530 (India Standard Time)
GET /article at time 01:02:37 GMT+0530 (India Standard Time)
GET /article/1 at time 01:02:42 GMT+0530 (India Standard Time)
GET /article at time 01:02:46 GMT+0530 (India Standard Time)
GET /article/61e9af91106bff27c82a48a7 at time 01:02:54 GMT+0530 (India Standard Time)
GET /article/61e9af91106bff27c82a48a7 at time 01:03:59 GMT+0530 (India Standard Time)
GET /article/1 at time 01:04:14 GMT+0530 (India Standard Time)
GET /article/1 at time 01:11:39 GMT+0530 (India Standard Time)
GET /article/1 at time 01:12:29 GMT+0530 (India Standard Time)
GET /article/1 at time 01:12:47 GMT+0530 (India Standard Time)
GET /article/1 at time 01:13:10 GMT+0530 (India Standard Time)
GET /article/1 at time 01:13:29 GMT+0530 (India Standard Time)
GET /article/1 at time 01:13:45 GMT+0530 (India Standard Time)
GET /article/1 at time 01:14:28 GMT+0530 (India Standard Time)
POST /article/1 at time 01:14:42 GMT+0530 (India Standard Time)
POST /article/1 at time 09:06:10 GMT+0530 (India Standard Time)
POST /article at time 09:06:20 GMT+0530 (India Standard Time)
POST /article at time 09:06:52 GMT+0530 (India Standard Time)
POST /article at time 09:07:27 GMT+0530 (India Standard Time)
POST /article at time 09:07:29 GMT+0530 (India Standard Time)
POST /article at time 09:17:30 GMT+0530 (India Standard Time)
POST /article at time 09:17:55 GMT+0530 (India Standard Time)
POST /article at time 09:19:20 GMT+0530 (India Standard Time)
POST /article at time 09:19:56 GMT+0530 (India Standard Time)
POST /articles at time 09:19:59 GMT+0530 (India Standard Time)
POST /articles at time 09:20:01 GMT+0530 (India Standard Time)
POST /article at time 09:20:10 GMT+0530 (India Standard Time)
POST /article at time 09:21:12 GMT+0530 (India Standard Time)
POST /article at time 09:21:31 GMT+0530 (India Standard Time)
POST /article at time 09:23:04 GMT+0530 (India Standard Time)
POST /article at time 09:23:37 GMT+0530 (India Standard Time)
POST /article at time 09:23:38 GMT+0530 (India Standard Time)
POST /article at time 09:24:33 GMT+0530 (India Standard Time)
POST /articles at time 09:24:40 GMT+0530 (India Standard Time)
POST /article at time 09:24:44 GMT+0530 (India Standard Time)
POST /article at time 09:25:16 GMT+0530 (India Standard Time)
POST /article at time 09:26:58 GMT+0530 (India Standard Time)
POST /article at time 09:28:28 GMT+0530 (India Standard Time)
POST /articles at time 09:28:49 GMT+0530 (India Standard Time)
POST /article at time 09:28:53 GMT+0530 (India Standard Time)
POST /article at time 09:30:35 GMT+0530 (India Standard Time)
POST /article at time 09:30:37 GMT+0530 (India Standard Time)
POST /article at time 09:32:14 GMT+0530 (India Standard Time)
GET / at time 09:32:22 GMT+0530 (India Standard Time)
GET /bootstrap-5.1.3-dist/css/bootstrap.min.css at time 09:32:23 GMT+0530 (India Standard Time)
GET /bootstrap-5.1.3-dist/css/bootstrap.min.js at time 09:32:23 GMT+0530 (India Standard Time)
GET /favicon.ico at time 09:32:23 GMT+0530 (India Standard Time)
GET /article at time 09:32:30 GMT+0530 (India Standard Time)
GET /article at time 09:32:34 GMT+0530 (India Standard Time)
POST /article at time 09:32:41 GMT+0530 (India Standard Time)
GET /article at time 09:33:07 GMT+0530 (India Standard Time)
GET /article at time 09:33:16 GMT+0530 (India Standard Time)
GET /article?sort=commentss at time 09:33:38 GMT+0530 (India Standard Time)
GET /article?sort=comments at time 09:33:44 GMT+0530 (India Standard Time)
GET /article/61ea2dbeff4a253f3e0e461c at time 09:34:00 GMT+0530 (India Standard Time)
GET /article/61ea2dbeff4a253f3e0e461f at time 09:34:15 GMT+0530 (India Standard Time)
GET /article/61ea2dbeff4a253f3e0e461c at time 09:34:25 GMT+0530 (India Standard Time)
GET /article/61ea2dbeff4a253f3e0e461c at time 09:35:36 GMT+0530 (India Standard Time)
GET /article/61ea2dbeff4a253f3e0e461c at time 09:36:16 GMT+0530 (India Standard Time)
GET /article/61ea2dbeff4a253f3e0e461f at time 09:36:56 GMT+0530 (India Standard Time)
GET /article/61ea2dbeff4a253f3e0e461f at time 09:37:17 GMT+0530 (India Standard Time)
GET /article/61ea2dbeff4a253f3e0e461f at time 09:37:56 GMT+0530 (India Standard Time)
GET /article/61ea2dbeff4a253f3e0e461f at time 09:38:34 GMT+0530 (India Standard Time)
GET /article/61ea2dbeff4a253f3e0e461f at time 09:38:37 GMT+0530 (India Standard Time)
GET /article/61ea2dbeff4a253f3e0e461f at time 09:41:19 GMT+0530 (India Standard Time)
GET /article/61ea2dbeff4a253f3e0e461f at time 09:41:23 GMT+0530 (India Standard Time)
GET /article at time 09:44:07 GMT+0530 (India Standard Time)
GET /article at time 09:45:35 GMT+0530 (India Standard Time)
GET /article at time 09:51:35 GMT+0530 (India Standard Time)
GET /article/61ea2dbeff4a253f3e0e461f at time 09:51:45 GMT+0530 (India Standard Time)
GET /article at time 09:54:08 GMT+0530 (India Standard Time)
GET /articles at time 09:54:13 GMT+0530 (India Standard Time)
GET /article at time 09:54:16 GMT+0530 (India Standard Time)
GET /article at time 09:54:47 GMT+0530 (India Standard Time)
GET /article/61ea2dbeff4a253f3e0e461f at time 09:54:54 GMT+0530 (India Standard Time)
GET /article/61ea2dbeff4a253f3e0e461f at time 09:56:08 GMT+0530 (India Standard Time)
GET /article at time 09:56:21 GMT+0530 (India Standard Time)
GET /articles at time 09:56:24 GMT+0530 (India Standard Time)
GET /article at time 09:56:28 GMT+0530 (India Standard Time)
GET /article at time 09:56:41 GMT+0530 (India Standard Time)
GET /articles at time 09:56:44 GMT+0530 (India Standard Time)
GET /article at time 09:56:47 GMT+0530 (India Standard Time)
GET /article/61ea2dbeff4a253f3e0e461f at time 09:56:55 GMT+0530 (India Standard Time)
GET /article/61ea2dbeff4a253f3e0e461f at time 09:58:36 GMT+0530 (India Standard Time)
GET /article/61ea2dbeff4a253f3e0e461f at time 09:58:44 GMT+0530 (India Standard Time)
GET /article/61ea2dbeff4a253f3e0e461f at time 10:15:34 GMT+0530 (India Standard Time)
GET /article at time 10:15:45 GMT+0530 (India Standard Time)
GET /article at time 10:16:40 GMT+0530 (India Standard Time)
GET /article at time 10:18:47 GMT+0530 (India Standard Time)
GET /article at time 10:18:48 GMT+0530 (India Standard Time)
GET /article at time 10:19:47 GMT+0530 (India Standard Time)
GET /article at time 10:19:48 GMT+0530 (India Standard Time)
GET /article at time 10:20:49 GMT+0530 (India Standard Time)
GET /article at time 10:23:17 GMT+0530 (India Standard Time)
GET /article at time 10:23:19 GMT+0530 (India Standard Time)
GET /article at time 10:24:42 GMT+0530 (India Standard Time)
GET /article at time 10:29:23 GMT+0530 (India Standard Time)
GET /article at time 10:35:22 GMT+0530 (India Standard Time)
GET /article at time 10:36:50 GMT+0530 (India Standard Time)
GET /article at time 10:38:27 GMT+0530 (India Standard Time)
GET /article//61ea2dbeff4a253f3e0e461f at time 10:38:36 GMT+0530 (India Standard Time)
GET /article//61ea2dbeff4a253f3e0e461f at time 10:39:24 GMT+0530 (India Standard Time)
GET /article/61ea2dbeff4a253f3e0e461f at time 10:39:34 GMT+0530 (India Standard Time)
GET /article/61ea2dbeff4a253f3e0e461f at time 10:41:26 GMT+0530 (India Standard Time)
GET /article at time 10:43:58 GMT+0530 (India Standard Time)
GET /article at time 10:46:10 GMT+0530 (India Standard Time)
GET /article/61ea2dbeff4a253f3e0e461f at time 10:46:16 GMT+0530 (India Standard Time)
GET /article/61ea2dbeff4a253f3e0e461f at time 10:47:18 GMT+0530 (India Standard Time)
GET /article/61ea2dbeff4a253f3e0e461f at time 10:47:38 GMT+0530 (India Standard Time)
GET /article/61ea2dbeff4a253f3e0e461f at time 10:48:51 GMT+0530 (India Standard Time)
GET /article at time 10:49:08 GMT+0530 (India Standard Time)
GET /article at time 10:53:19 GMT+0530 (India Standard Time)
GET /article/61ea2dbeff4a253f3e0e461f at time 10:53:27 GMT+0530 (India Standard Time)
GET /article/61ea2dbeff4a253f3e0e461f at time 10:56:16 GMT+0530 (India Standard Time)
GET /article/61ea2dbeff4a253f3e0e461f at time 10:57:53 GMT+0530 (India Standard Time)
GET /article/61ea2dbeff4a253f3e0e461f at time 10:57:54 GMT+0530 (India Standard Time)
GET /article/61ea2dbeff4a253f3e0e461f at time 11:00:41 GMT+0530 (India Standard Time)
GET /articles at time 11:00:49 GMT+0530 (India Standard Time)
GET /articles at time 11:01:29 GMT+0530 (India Standard Time)
GET /articles/61ea2dbeff4a253f3e0e461f at time 11:02:01 GMT+0530 (India Standard Time)
GET /articles/61ea2dbeff4a253f3e0e461f at time 11:02:45 GMT+0530 (India Standard Time)
GET /articles/61ea2dbeff4a253f3e0e461f at time 11:03:26 GMT+0530 (India Standard Time)
GET /articles/61ea2dbeff4a253f3e0e461f at time 11:04:08 GMT+0530 (India Standard Time)
GET /articles at time 11:04:18 GMT+0530 (India Standard Time)
GET /articles at time 11:08:31 GMT+0530 (India Standard Time)
GET /articles//61ea2dbeff4a253f3e0e461f at time 11:08:38 GMT+0530 (India Standard Time)
POST /articles/ at time 11:26:42 GMT+0530 (India Standard Time)
POST /articles at time 11:26:50 GMT+0530 (India Standard Time)
POST /articles at time 11:30:17 GMT+0530 (India Standard Time)
POST /articles at time 11:30:31 GMT+0530 (India Standard Time)
POST /articles at time 11:31:18 GMT+0530 (India Standard Time)
POST /articles at time 11:31:39 GMT+0530 (India Standard Time)
POST /articles at time 11:33:01 GMT+0530 (India Standard Time)
POST /articles at time 11:33:37 GMT+0530 (India Standard Time)
POST /articles at time 11:35:28 GMT+0530 (India Standard Time)
GET /article/61ea2dbeff4a253f3e0e461f at time 11:37:22 GMT+0530 (India Standard Time)
GET /article/61ea2dbeff4a253f3e0e461f at time 11:37:25 GMT+0530 (India Standard Time)
POST /articles/61ea4cb9d065c4d8e9f7a5d1 at time 11:38:02 GMT+0530 (India Standard Time)
POST /articles/61ea4cb9d065c4d8e9f7a5d1 at time 11:44:32 GMT+0530 (India Standard Time)
POST /articles/61ea4cb9d065c4d8e9f7a5d1 at time 11:44:41 GMT+0530 (India Standard Time)
POST /articles/61ea4cb9d065c4d8e9f7a5d1 at time 11:45:17 GMT+0530 (India Standard Time)
POST /articles/61ea4cb9d065c4d8e9f7a5d1/comments at time 11:45:59 GMT+0530 (India Standard Time)
POST /articles/61ea4cb9d065c4d8e9f7a5d1/comments at time 11:49:17 GMT+0530 (India Standard Time)
POST /articles/61ea4cb9d065c4d8e9f7a5d1/comments at time 11:49:33 GMT+0530 (India Standard Time)
POST /articles/61ea4cb9d065c4d8e9f7a5d1/comments at time 11:52:48 GMT+0530 (India Standard Time)
POST /articles/61ea4cb9d065c4d8e9f7a5d1/comments at time 11:52:54 GMT+0530 (India Standard Time)
POST /articles/61ea4cb9d065c4d8e9f7a5d1/comments at time 11:55:42 GMT+0530 (India Standard Time)
POST /articles/61ea4cb9d065c4d8e9f7a5d1/comments at time 11:56:01 GMT+0530 (India Standard Time)
POST /articles/61ea4cb9d065c4d8e9f7a5d1/comments at time 11:56:32 GMT+0530 (India Standard Time)
POST /articles/61ea4cb9d065c4d8e9f7a5d1/comments at time 11:58:29 GMT+0530 (India Standard Time)
POST /articles/61ea4cb9d065c4d8e9f7a5d1/comments at time 12:02:49 GMT+0530 (India Standard Time)
POST /articles/61ea4cb9d065c4d8e9f7a5d1/comments at time 12:02:57 GMT+0530 (India Standard Time)
POST /articles/61ea4cb9d065c4d8e9f7a5d1/comments at time 12:03:08 GMT+0530 (India Standard Time)
POST /articles/61ea4cb9d065c4d8e9f7a5d1/comments at time 12:03:49 GMT+0530 (India Standard Time)
POST /articles/61ea4cb9d065c4d8e9f7a5d1/comments at time 12:07:38 GMT+0530 (India Standard Time)
POST /articles/61ea4cb9d065c4d8e9f7a5d1/comments at time 12:08:38 GMT+0530 (India Standard Time)
POST /articles/61ea4cb9d065c4d8e9f7a5d1/comments at time 12:09:16 GMT+0530 (India Standard Time)
POST /articles/61ea4cb9d065c4d8e9f7a5d1/comment at time 12:09:31 GMT+0530 (India Standard Time)
POST /articles/61ea4cb9d065c4d8e9f7a5d1/comments at time 12:09:53 GMT+0530 (India Standard Time)
POST /articles/61ea4cb9d065c4d8e9f7a5d1/comments at time 12:12:22 GMT+0530 (India Standard Time)
POST /articles/ at time 12:15:17 GMT+0530 (India Standard Time)
POST /articles/61ea567d04b0d8d36d1b6322/comments at time 12:16:52 GMT+0530 (India Standard Time)
POST /articles/61ea567d04b0d8d36d1b6322/comments at time 12:17:06 GMT+0530 (India Standard Time)
POST /articles/61ea567d04b0d8d36d1b6322/comments at time 12:17:35 GMT+0530 (India Standard Time)
POST /articles/61ea567d04b0d8d36d1b6322/comments at time 12:17:42 GMT+0530 (India Standard Time)
POST /articles/61ea567d04b0d8d36d1b6322/comments at time 12:18:25 GMT+0530 (India Standard Time)
POST /articles/61ea567d04b0d8d36d1b6322/comments at time 12:22:28 GMT+0530 (India Standard Time)
POST /articles/61ea567d04b0d8d36d1b6322/comments at time 12:27:29 GMT+0530 (India Standard Time)
POST /articles/61ea567d04b0d8d36d1b6322/comments at time 12:27:59 GMT+0530 (India Standard Time)
POST /articles/61ea567d04b0d8d36d1b6322 at time 12:30:28 GMT+0530 (India Standard Time)
POST /articles/61ea567d04b0d8d36d1b6322/comments at time 12:30:39 GMT+0530 (India Standard Time)
POST /articles/61ea567d04b0d8d36d1b6322/comments at time 12:32:56 GMT+0530 (India Standard Time)
PUT /articles/61ea567d04b0d8d36d1b6322/comments at time 12:33:41 GMT+0530 (India Standard Time)
PUT /articles/61ea567d04b0d8d36d1b6322/comments at time 12:34:45 GMT+0530 (India Standard Time)
PUT /articles/61ea567d04b0d8d36d1b6322/comments at time 12:35:05 GMT+0530 (India Standard Time)
PUT /articles/61ea567d04b0d8d36d1b6322/comments at time 12:35:30 GMT+0530 (India Standard Time)
PATCH /articles/61ea567d04b0d8d36d1b6322/comments at time 12:35:38 GMT+0530 (India Standard Time)
POST /articles/61ea567d04b0d8d36d1b6322/comments at time 12:35:45 GMT+0530 (India Standard Time)
POST /articles/61ea567d04b0d8d36d1b6322/comment at time 12:37:29 GMT+0530 (India Standard Time)
POST /articles/61ea567d04b0d8d36d1b6322/comments at time 12:37:33 GMT+0530 (India Standard Time)
POST /articles/61ea567d04b0d8d36d1b6322/comments at time 12:37:45 GMT+0530 (India Standard Time)
POST /articles/61ea567d04b0d8d36d1b6322/comments at time 12:40:19 GMT+0530 (India Standard Time)
POST /articles/61ea567d04b0d8d36d1b6322/comments at time 12:40:35 GMT+0530 (India Standard Time)
POST /articles/61ea567d04b0d8d36d1b6322/comments at time 12:41:53 GMT+0530 (India Standard Time)
POST /articles/61ea567d04b0d8d36d1b6322/comments at time 12:42:04 GMT+0530 (India Standard Time)
POST /articles/61ea567d04b0d8d36d1b6322/comments at time 12:43:09 GMT+0530 (India Standard Time)
POST /articles/61ea567d04b0d8d36d1b6322/comments at time 12:44:15 GMT+0530 (India Standard Time)
POST /articles/61ea567d04b0d8d36d1b6322/comments at time 12:44:46 GMT+0530 (India Standard Time)
POST /articles/61ea567d04b0d8d36d1b6322/comments at time 12:46:21 GMT+0530 (India Standard Time)
POST /articles/61ea567d04b0d8d36d1b6322/comments at time 12:47:53 GMT+0530 (India Standard Time)
POST /articles/61ea567d04b0d8d36d1b6322/comments at time 12:48:04 GMT+0530 (India Standard Time)
DELETE /articles/61ea567d04b0d8d36d1b6322 at time 12:48:17 GMT+0530 (India Standard Time)
DELETE /articles at time 12:48:38 GMT+0530 (India Standard Time)
DELETE /articles at time 12:49:23 GMT+0530 (India Standard Time)
DELETE /article at time 12:49:28 GMT+0530 (India Standard Time)
DELETE /articles at time 12:49:39 GMT+0530 (India Standard Time)
DELETE /articles at time 12:50:12 GMT+0530 (India Standard Time)
DELETE /articles at time 12:50:56 GMT+0530 (India Standard Time)
DELETE /articles/ at time 12:51:43 GMT+0530 (India Standard Time)
DELETE /articles/ at time 12:52:18 GMT+0530 (India Standard Time)
DELETE /articles/ at time 12:52:35 GMT+0530 (India Standard Time)
DELETE /articles/ at time 12:53:44 GMT+0530 (India Standard Time)
DELETE /articles/ at time 12:53:57 GMT+0530 (India Standard Time)
GET /articles at time 12:54:09 GMT+0530 (India Standard Time)
GET /articles/ at time 12:54:18 GMT+0530 (India Standard Time)
GET /articles at time 12:54:21 GMT+0530 (India Standard Time)
GET /articles at time 12:54:28 GMT+0530 (India Standard Time)
GET /articles at time 12:54:38 GMT+0530 (India Standard Time)
GET /articles at time 12:54:48 GMT+0530 (India Standard Time)
GET /articles at time 12:54:59 GMT+0530 (India Standard Time)
GET /articles/61ea2dbeff4a253f3e0e461f at time 12:55:05 GMT+0530 (India Standard Time)
GET /articles at time 12:56:29 GMT+0530 (India Standard Time)
GET /articles at time 12:56:42 GMT+0530 (India Standard Time)
POST /articles/61ea2dbeff4a253f3e0e461c/comments at time 12:57:52 GMT+0530 (India Standard Time)
POST /articles/61ea2dbeff4a253f3e0e461c/comments at time 13:11:11 GMT+0530 (India Standard Time)
POST /articles/61ea2dbeff4a253f3e0e461c/comments at time 13:14:51 GMT+0530 (India Standard Time)
POST /articles/61ea2dbeff4a253f3e0e461c/comments at time 13:15:30 GMT+0530 (India Standard Time)
PUT /articles/61ea2dbeff4a253f3e0e461c/comments at time 13:16:10 GMT+0530 (India Standard Time)
PATCH /articles/61ea2dbeff4a253f3e0e461c/comments at time 13:16:15 GMT+0530 (India Standard Time)
POST /articles/61ea2dbeff4a253f3e0e461c/comments at time 13:16:19 GMT+0530 (India Standard Time)
GET /articles/61ea2dbeff4a253f3e0e461c/comments at time 13:16:30 GMT+0530 (India Standard Time)
POST /articles/61ea2dbeff4a253f3e0e461c/comments at time 13:16:44 GMT+0530 (India Standard Time)
POST /articles/61ea2dbeff4a253f3e0e461c/comments at time 13:16:57 GMT+0530 (India Standard Time)
POST /articles/61ea2dbeff4a253f3e0e461c/comments at time 13:19:33 GMT+0530 (India Standard Time)
POST /articles/61ea2dbeff4a253f3e0e461c/comments at time 13:24:38 GMT+0530 (India Standard Time)
GET /articles/61ea2dbeff4a253f3e0e461c/comments at time 13:25:05 GMT+0530 (India Standard Time)
GET /articles at time 13:25:21 GMT+0530 (India Standard Time)
POST /articles/61ea2dbeff4a253f3e0e461c/comments at time 13:25:35 GMT+0530 (India Standard Time)
POST /articles/61ea2dbeff4a253f3e0e461c at time 13:26:38 GMT+0530 (India Standard Time)
GET /articles/61ea2dbeff4a253f3e0e461c at time 13:26:42 GMT+0530 (India Standard Time)
GET /articles at time 13:28:30 GMT+0530 (India Standard Time)
GET /articles at time 13:28:58 GMT+0530 (India Standard Time)
POST /articles at time 13:29:32 GMT+0530 (India Standard Time)
DELETE /articles/61ea67e4a113f4bc2cd5ee4d at time 13:30:09 GMT+0530 (India Standard Time)
GET /articles at time 13:30:41 GMT+0530 (India Standard Time)
GET /articles/61ea67e4a113f4bc2cd5ee4d at time 13:30:53 GMT+0530 (India Standard Time)
DELETE /articles/61ea67e4a113f4bc2cd5ee4d at time 13:30:59 GMT+0530 (India Standard Time)
GET /page/articles at time 14:33:26 GMT+0530 (India Standard Time)
GET /page/article at time 14:35:58 GMT+0530 (India Standard Time)
GET /page/articles at time 14:36:05 GMT+0530 (India Standard Time)
GET /page/articles at time 14:37:00 GMT+0530 (India Standard Time)
GET /page/articles at time 14:38:35 GMT+0530 (India Standard Time)
GET /page/articles at time 14:39:28 GMT+0530 (India Standard Time)
GET /page/articles at time 14:39:29 GMT+0530 (India Standard Time)
GET /page/articles at time 14:40:01 GMT+0530 (India Standard Time)
GET /page/articles at time 14:40:03 GMT+0530 (India Standard Time)
GET /page/articles at time 14:42:49 GMT+0530 (India Standard Time)
GET /page/articles at time 14:42:49 GMT+0530 (India Standard Time)
GET /page/articles at time 14:43:42 GMT+0530 (India Standard Time)
GET /page/articles at time 14:43:42 GMT+0530 (India Standard Time)
GET /page/articles at time 14:52:42 GMT+0530 (India Standard Time)
GET /page/articles at time 14:53:18 GMT+0530 (India Standard Time)
GET /page/articles at time 14:54:57 GMT+0530 (India Standard Time)
GET /page/articles at time 14:58:14 GMT+0530 (India Standard Time)
GET /page/articles at time 14:58:15 GMT+0530 (India Standard Time)
DELETE /articles?sort=comments at time 15:04:17 GMT+0530 (India Standard Time)
GET /articles?sort=comments at time 15:04:23 GMT+0530 (India Standard Time)
GET /articles?sort=comments&comments=true at time 15:04:43 GMT+0530 (India Standard Time)
GET /articles?sort=title&order=asc at time 15:06:28 GMT+0530 (India Standard Time)
GET /articles?sort=title&order=asc at time 15:22:03 GMT+0530 (India Standard Time)
GET /articles?sort=title&order=desc at time 15:22:11 GMT+0530 (India Standard Time)
GET /page/articles at time 15:22:24 GMT+0530 (India Standard Time)
GET /page/articles at time 15:22:43 GMT+0530 (India Standard Time)
GET /page/articles at time 15:22:46 GMT+0530 (India Standard Time)
GET /page/articles at time 15:23:02 GMT+0530 (India Standard Time)
GET /page/articles at time 15:23:43 GMT+0530 (India Standard Time)
GET /page/articles at time 15:26:09 GMT+0530 (India Standard Time)
GET /bootstrap-5.1.3-dist/css/bootstrap.min.css at time 15:26:09 GMT+0530 (India Standard Time)
GET /bootstrap-5.1.3-dist/css/bootstrap.min.js at time 15:26:09 GMT+0530 (India Standard Time)
GET / at time 15:26:57 GMT+0530 (India Standard Time)
GET /bootstrap-5.1.3-dist/css/bootstrap.min.css at time 15:26:57 GMT+0530 (India Standard Time)
GET /bootstrap-5.1.3-dist/css/bootstrap.min.js at time 15:26:57 GMT+0530 (India Standard Time)
GET /page/articles at time 15:26:58 GMT+0530 (India Standard Time)
GET /bootstrap-5.1.3-dist/css/bootstrap.min.css at time 15:26:58 GMT+0530 (India Standard Time)
GET /bootstrap-5.1.3-dist/css/bootstrap.min.js at time 15:26:58 GMT+0530 (India Standard Time)
GET /page/articles at time 15:27:05 GMT+0530 (India Standard Time)
GET /bootstrap-5.1.3-dist/css/bootstrap.min.css at time 15:27:05 GMT+0530 (India Standard Time)
GET /bootstrap-5.1.3-dist/css/bootstrap.min.js at time 15:27:05 GMT+0530 (India Standard Time)
GET /bootstrap-5.1.3-dist/css/bootstrap.min.css at time 15:27:06 GMT+0530 (India Standard Time)
GET /page/articles at time 15:27:36 GMT+0530 (India Standard Time)
GET /bootstrap-5.1.3-dist/css/bootstrap.min.css at time 15:27:36 GMT+0530 (India Standard Time)
GET /bootstrap-5.1.3-dist/css/bootstrap.min.js at time 15:27:36 GMT+0530 (India Standard Time)
GET / at time 15:27:37 GMT+0530 (India Standard Time)
GET /bootstrap-5.1.3-dist/css/bootstrap.min.css at time 15:27:37 GMT+0530 (India Standard Time)
GET /bootstrap-5.1.3-dist/css/bootstrap.min.js at time 15:27:37 GMT+0530 (India Standard Time)
GET /page/articles at time 15:27:39 GMT+0530 (India Standard Time)
GET /bootstrap-5.1.3-dist/css/bootstrap.min.css at time 15:27:39 GMT+0530 (India Standard Time)
GET /bootstrap-5.1.3-dist/css/bootstrap.min.js at time 15:27:39 GMT+0530 (India Standard Time)
GET / at time 15:27:40 GMT+0530 (India Standard Time)
GET /bootstrap-5.1.3-dist/css/bootstrap.min.css at time 15:27:40 GMT+0530 (India Standard Time)
GET /bootstrap-5.1.3-dist/css/bootstrap.min.js at time 15:27:40 GMT+0530 (India Standard Time)
GET /page/articles at time 15:27:41 GMT+0530 (India Standard Time)
GET /bootstrap-5.1.3-dist/css/bootstrap.min.css at time 15:27:41 GMT+0530 (India Standard Time)
GET /bootstrap-5.1.3-dist/css/bootstrap.min.js at time 15:27:41 GMT+0530 (India Standard Time)
GET / at time 15:27:44 GMT+0530 (India Standard Time)
GET /bootstrap-5.1.3-dist/css/bootstrap.min.css at time 15:27:44 GMT+0530 (India Standard Time)
GET /bootstrap-5.1.3-dist/css/bootstrap.min.js at time 15:27:44 GMT+0530 (India Standard Time)
GET / at time 15:28:31 GMT+0530 (India Standard Time)
GET /bootstrap-5.1.3-dist/css/bootstrap.min.css at time 15:28:31 GMT+0530 (India Standard Time)
GET /bootstrap-5.1.3-dist/css/bootstrap.min.js at time 15:28:31 GMT+0530 (India Standard Time)
GET /page/articles at time 15:28:32 GMT+0530 (India Standard Time)
GET /bootstrap-5.1.3-dist/css/bootstrap.min.css at time 15:28:32 GMT+0530 (India Standard Time)
GET /bootstrap-5.1.3-dist/css/bootstrap.min.js at time 15:28:32 GMT+0530 (India Standard Time)
GET / at time 15:28:33 GMT+0530 (India Standard Time)
GET /bootstrap-5.1.3-dist/css/bootstrap.min.css at time 15:28:33 GMT+0530 (India Standard Time)
GET /bootstrap-5.1.3-dist/css/bootstrap.min.js at time 15:28:33 GMT+0530 (India Standard Time)
GET /page/articles at time 15:28:35 GMT+0530 (India Standard Time)
GET /bootstrap-5.1.3-dist/css/bootstrap.min.css at time 15:28:35 GMT+0530 (India Standard Time)
GET /bootstrap-5.1.3-dist/css/bootstrap.min.js at time 15:28:35 GMT+0530 (India Standard Time)
GET / at time 15:28:37 GMT+0530 (India Standard Time)
GET /bootstrap-5.1.3-dist/css/bootstrap.min.css at time 15:28:37 GMT+0530 (India Standard Time)
GET /bootstrap-5.1.3-dist/css/bootstrap.min.js at time 15:28:37 GMT+0530 (India Standard Time)
GET /page/articles at time 15:28:39 GMT+0530 (India Standard Time)
GET /bootstrap-5.1.3-dist/css/bootstrap.min.js at time 15:28:39 GMT+0530 (India Standard Time)
GET /bootstrap-5.1.3-dist/css/bootstrap.min.css at time 15:28:39 GMT+0530 (India Standard Time)
GET / at time 15:28:40 GMT+0530 (India Standard Time)
GET /bootstrap-5.1.3-dist/css/bootstrap.min.css at time 15:28:40 GMT+0530 (India Standard Time)
GET /bootstrap-5.1.3-dist/css/bootstrap.min.js at time 15:28:40 GMT+0530 (India Standard Time)
GET / at time 15:29:09 GMT+0530 (India Standard Time)
GET /bootstrap-5.1.3-dist/css/bootstrap.min.css at time 15:29:09 GMT+0530 (India Standard Time)
GET /bootstrap-5.1.3-dist/css/bootstrap.min.js at time 15:29:09 GMT+0530 (India Standard Time)
GET /page/articles at time 15:29:13 GMT+0530 (India Standard Time)
GET /bootstrap-5.1.3-dist/css/bootstrap.min.css at time 15:29:13 GMT+0530 (India Standard Time)
GET /bootstrap-5.1.3-dist/css/bootstrap.min.js at time 15:29:13 GMT+0530 (India Standard Time)
GET / at time 15:29:14 GMT+0530 (India Standard Time)
GET /bootstrap-5.1.3-dist/css/bootstrap.min.css at time 15:29:14 GMT+0530 (India Standard Time)
GET /bootstrap-5.1.3-dist/css/bootstrap.min.js at time 15:29:14 GMT+0530 (India Standard Time)
GET / at time 15:29:44 GMT+0530 (India Standard Time)
GET /bootstrap-5.1.3-dist/css/bootstrap.min.css at time 15:29:44 GMT+0530 (India Standard Time)
GET /bootstrap-5.1.3-dist/css/bootstrap.min.js at time 15:29:44 GMT+0530 (India Standard Time)
GET /page/articles at time 15:29:45 GMT+0530 (India Standard Time)
GET /bootstrap-5.1.3-dist/css/bootstrap.min.css at time 15:29:45 GMT+0530 (India Standard Time)
GET /bootstrap-5.1.3-dist/css/bootstrap.min.js at time 15:29:45 GMT+0530 (India Standard Time)
GET /page/articles at time 15:30:21 GMT+0530 (India Standard Time)
GET /bootstrap-5.1.3-dist/css/bootstrap.min.css at time 15:30:21 GMT+0530 (India Standard Time)
GET /bootstrap-5.1.3-dist/css/bootstrap.min.js at time 15:30:21 GMT+0530 (India Standard Time)
GET /page/articles at time 15:31:11 GMT+0530 (India Standard Time)
GET /bootstrap-5.1.3-dist/css/bootstrap.min.css at time 15:31:11 GMT+0530 (India Standard Time)
GET /bootstrap-5.1.3-dist/css/bootstrap.min.js at time 15:31:11 GMT+0530 (India Standard Time)
GET /page/articles at time 15:31:25 GMT+0530 (India Standard Time)
GET /bootstrap-5.1.3-dist/css/bootstrap.min.css at time 15:31:25 GMT+0530 (India Standard Time)
GET /bootstrap-5.1.3-dist/css/bootstrap.min.js at time 15:31:25 GMT+0530 (India Standard Time)
GET /page/articles at time 15:31:53 GMT+0530 (India Standard Time)
GET /bootstrap-5.1.3-dist/css/bootstrap.min.css at time 15:31:53 GMT+0530 (India Standard Time)
GET /bootstrap-5.1.3-dist/css/bootstrap.min.js at time 15:31:53 GMT+0530 (India Standard Time)
GET /page/articles at time 15:32:09 GMT+0530 (India Standard Time)
GET /bootstrap-5.1.3-dist/css/bootstrap.min.css at time 15:32:09 GMT+0530 (India Standard Time)
GET /bootstrap-5.1.3-dist/css/bootstrap.min.js at time 15:32:09 GMT+0530 (India Standard Time)
GET /page/articles at time 15:32:20 GMT+0530 (India Standard Time)
GET /bootstrap-5.1.3-dist/css/bootstrap.min.css at time 15:32:20 GMT+0530 (India Standard Time)
GET /bootstrap-5.1.3-dist/css/bootstrap.min.js at time 15:32:20 GMT+0530 (India Standard Time)
GET /page/articles at time 15:32:48 GMT+0530 (India Standard Time)
GET /bootstrap-5.1.3-dist/css/bootstrap.min.css at time 15:32:48 GMT+0530 (India Standard Time)
GET /bootstrap-5.1.3-dist/css/bootstrap.min.js at time 15:32:48 GMT+0530 (India Standard Time)
GET /page/articles at time 15:33:02 GMT+0530 (India Standard Time)
GET /bootstrap-5.1.3-dist/css/bootstrap.min.css at time 15:33:02 GMT+0530 (India Standard Time)
GET /bootstrap-5.1.3-dist/css/bootstrap.min.js at time 15:33:02 GMT+0530 (India Standard Time)
GET /page/articles at time 15:33:26 GMT+0530 (India Standard Time)
GET /bootstrap-5.1.3-dist/css/bootstrap.min.css at time 15:33:26 GMT+0530 (India Standard Time)
GET /bootstrap-5.1.3-dist/css/bootstrap.min.js at time 15:33:26 GMT+0530 (India Standard Time)
GET /page/articles at time 15:33:35 GMT+0530 (India Standard Time)
GET /bootstrap-5.1.3-dist/css/bootstrap.min.css at time 15:33:35 GMT+0530 (India Standard Time)
GET /bootstrap-5.1.3-dist/css/bootstrap.min.js at time 15:33:35 GMT+0530 (India Standard Time)
GET /page/articles at time 15:33:35 GMT+0530 (India Standard Time)
GET /bootstrap-5.1.3-dist/css/bootstrap.min.css at time 15:33:35 GMT+0530 (India Standard Time)
GET /bootstrap-5.1.3-dist/css/bootstrap.min.js at time 15:33:35 GMT+0530 (India Standard Time)
GET / at time 15:33:36 GMT+0530 (India Standard Time)
GET /bootstrap-5.1.3-dist/css/bootstrap.min.css at time 15:33:36 GMT+0530 (India Standard Time)
GET /bootstrap-5.1.3-dist/css/bootstrap.min.js at time 15:33:36 GMT+0530 (India Standard Time)
GET /page/articles at time 15:33:37 GMT+0530 (India Standard Time)
GET /bootstrap-5.1.3-dist/css/bootstrap.min.js at time 15:33:37 GMT+0530 (India Standard Time)
GET /bootstrap-5.1.3-dist/css/bootstrap.min.css at time 15:33:37 GMT+0530 (India Standard Time)
GET /articles at time 16:34:37 GMT+0530 (India Standard Time)
GET /articles/61ea4cb9d065c4d8e9f7a5d1 at time 16:34:52 GMT+0530 (India Standard Time)
DELETE /articles/61ea4cb9d065c4d8e9f7a5d1 at time 16:35:02 GMT+0530 (India Standard Time)
GET /bootstrap-5.1.3-dist/css/bootstrap.min.css at time 16:36:49 GMT+0530 (India Standard Time)
GET /bootstrap-5.1.3-dist/css/bootstrap.min.js at time 16:36:49 GMT+0530 (India Standard Time)
GET / at time 16:36:51 GMT+0530 (India Standard Time)
GET /bootstrap-5.1.3-dist/css/bootstrap.min.css at time 16:36:51 GMT+0530 (India Standard Time)
GET /bootstrap-5.1.3-dist/css/bootstrap.min.js at time 16:36:51 GMT+0530 (India Standard Time)
GET /bootstrap-5.1.3-dist/css/bootstrap.min.css at time 16:48:11 GMT+0530 (India Standard Time)
GET /bootstrap-5.1.3-dist/css/bootstrap.min.js at time 16:48:11 GMT+0530 (India Standard Time)
